# JRE version: Java(TM) SE Runtime Environment (8.0_144-b01) (build 1.8.0_144-b01)
# Java VM: Java HotSpot(TM) 64-Bit Server VM (25.144-b01 mixed mode linux-amd64 compressed oops)
Heap:
 PSYoungGen      total 902656K, used 103671K [0x00000006efb00000, 0x0000000728380000, 0x00000007c0000000)
  eden space 880640K, 10% used [0x00000006efb00000,0x00000006f5618388,0x0000000725700000)
  from space 22016K, 47% used [0x0000000726c80000,0x00000007276a5918,0x0000000728200000)
  to   space 22016K, 0% used [0x0000000725700000,0x0000000725700000,0x0000000726c80000)
 ParOldGen       total 296960K, used 248934K [0x000000054f000000, 0x0000000561200000, 0x00000006efb00000)
  object space 296960K, 83% used [0x000000054f000000,0x000000055e3199c0,0x0000000561200000)
 Metaspace       used 7498K, capacity 7678K, committed 7936K, reserved 1056768K
  class space    used 921K, capacity 989K, committed 1024K, reserved 1048576K
GC Heap History (10 events):
Event: 61.092 GC heap before
{Heap before GC invocations=223 (full 91):
 PSYoungGen      total 893952K, used 886020K [0x00000006efb00000, 0x0000000727e00000, 0x00000007c0000000)
  eden space 872448K, 100% used [0x00000006efb00000,0x0000000724f00000,0x0000000724f00000)
  from space 21504K, 63% used [0x0000000724f00000,0x0000000725c41378,0x0000000726400000)
  to   space 22528K, 0% used [0x0000000726800000,0x0000000726800000,0x0000000727e00000)
 ParOldGen       total 296960K, used 248910K [0x000000054f000000, 0x0000000561200000, 0x00000006efb00000)
  object space 296960K, 83% used [0x000000054f000000,0x000000055e3139c0,0x0000000561200000)
 Metaspace       used 7493K, capacity 7678K, committed 7936K, reserved 1056768K
  class space    used 919K, capacity 989K, committed 1024K, reserved 1048576K
Event: 61.097 GC heap after
Heap after GC invocations=223 (full 91):
 PSYoungGen      total 897024K, used 3493K [0x00000006efb00000, 0x0000000727d00000, 0x00000007c0000000)
  eden space 875520K, 0% used [0x00000006efb00000,0x00000006efb00000,0x0000000725200000)
  from space 21504K, 16% used [0x0000000726800000,0x0000000726b696f0,0x0000000727d00000)
  to   space 22016K, 0% used [0x0000000725200000,0x0000000725200000,0x0000000726780000)
 ParOldGen       total 296960K, used 248926K [0x000000054f000000, 0x0000000561200000, 0x00000006efb00000)
  object space 296960K, 83% used [0x000000054f000000,0x000000055e3179c0,0x0000000561200000)
 Metaspace       used 7493K, capacity 7678K, committed 7936K, reserved 1056768K
  class space    used 919K, capacity 989K, committed 1024K, reserved 1048576K
}
Event: 62.102 GC heap before
{Heap before GC invocations=224 (full 91):
 PSYoungGen      total 897024K, used 879013K [0x00000006efb00000, 0x0000000727d00000, 0x00000007c0000000)
  eden space 875520K, 100% used [0x00000006efb00000,0x0000000725200000,0x0000000725200000)
  from space 21504K, 16% used [0x0000000726800000,0x0000000726b696f0,0x0000000727d00000)
  to   space 22016K, 0% used [0x0000000725200000,0x0000000725200000,0x0000000726780000)
 ParOldGen       total 296960K, used 248926K [0x000000054f000000, 0x0000000561200000, 0x00000006efb00000)
  object space 296960K, 83% used [0x000000054f000000,0x000000055e3179c0,0x0000000561200000)
 Metaspace       used 7493K, capacity 7678K, committed 7936K, reserved 1056768K
  class space    used 919K, capacity 989K, committed 1024K, reserved 1048576K
Event: 62.104 GC heap after
Heap after GC invocations=224 (full 91):
 PSYoungGen      total 897536K, used 12258K [0x00000006efb00000, 0x0000000728000000, 0x00000007c0000000)
  eden space 875520K, 0% used [0x00000006efb00000,0x00000006efb00000,0x0000000725200000)
  from space 22016K, 55% used [0x0000000725200000,0x0000000725df8a38,0x0000000726780000)
  to   space 22016K, 0% used [0x0000000726a80000,0x0000000726a80000,0x0000000728000000)
 ParOldGen       total 296960K, used 248926K [0x000000054f000000, 0x0000000561200000, 0x00000006efb00000)
  object space 296960K, 83% used [0x000000054f000000,0x000000055e3179c0,0x0000000561200000)
 Metaspace       used 7493K, capacity 7678K, committed 7936K, reserved 1056768K
  class space    used 919K, capacity 989K, committed 1024K, reserved 1048576K
}
Event: 63.179 GC heap before
{Heap before GC invocations=225 (full 91):
 PSYoungGen      total 897536K, used 887778K [0x00000006efb00000, 0x0000000728000000, 0x00000007c0000000)
  eden space 875520K, 100% used [0x00000006efb00000,0x0000000725200000,0x0000000725200000)
  from space 22016K, 55% used [0x0000000725200000,0x0000000725df8a38,0x0000000726780000)
  to   space 22016K, 0% used [0x0000000726a80000,0x0000000726a80000,0x0000000728000000)
 ParOldGen       total 296960K, used 248926K [0x000000054f000000, 0x0000000561200000, 0x00000006efb00000)
  object space 296960K, 83% used [0x000000054f000000,0x000000055e3179c0,0x0000000561200000)
 Metaspace       used 7493K, capacity 7678K, committed 7936K, reserved 1056768K
  class space    used 919K, capacity 989K, committed 1024K, reserved 1048576K
Event: 63.183 GC heap after
Heap after GC invocations=225 (full 91):
 PSYoungGen      total 899584K, used 64K [0x00000006efb00000, 0x0000000727f80000, 0x00000007c0000000)
  eden space 878080K, 0% used [0x00000006efb00000,0x00000006efb00000,0x0000000725480000)
  from space 21504K, 0% used [0x0000000726a80000,0x0000000726a90000,0x0000000727f80000)
  to   space 22016K, 0% used [0x0000000725480000,0x0000000725480000,0x0000000726a00000)
 ParOldGen       total 296960K, used 248934K [0x000000054f000000, 0x0000000561200000, 0x00000006efb00000)
  object space 296960K, 83% used [0x000000054f000000,0x000000055e3199c0,0x0000000561200000)
 Metaspace       used 7493K, capacity 7678K, committed 7936K, reserved 1056768K
  class space    used 919K, capacity 989K, committed 1024K, reserved 1048576K
}
Event: 64.308 GC heap before
{Heap before GC invocations=226 (full 91):
 PSYoungGen      total 899584K, used 870964K [0x00000006efb00000, 0x0000000727f80000, 0x00000007c0000000)
  eden space 878080K, 99% used [0x00000006efb00000,0x0000000724d7d0f8,0x0000000725480000)
  from space 21504K, 0% used [0x0000000726a80000,0x0000000726a90000,0x0000000727f80000)
  to   space 22016K, 0% used [0x0000000725480000,0x0000000725480000,0x0000000726a00000)
 ParOldGen       total 296960K, used 248934K [0x000000054f000000, 0x0000000561200000, 0x00000006efb00000)
  object space 296960K, 83% used [0x000000054f000000,0x000000055e3199c0,0x0000000561200000)
 Metaspace       used 7493K, capacity 7678K, committed 7936K, reserved 1056768K
  class space    used 919K, capacity 989K, committed 1024K, reserved 1048576K
Event: 64.309 GC heap after
Heap after GC invocations=226 (full 91):
 PSYoungGen      total 900096K, used 64K [0x00000006efb00000, 0x0000000728200000, 0x00000007c0000000)
  eden space 878080K, 0% used [0x00000006efb00000,0x00000006efb00000,0x0000000725480000)
  from space 22016K, 0% used [0x0000000725480000,0x0000000725490000,0x0000000726a00000)
  to   space 22016K, 0% used [0x0000000726c80000,0x0000000726c80000,0x0000000728200000)
 ParOldGen       total 296960K, used 248934K [0x000000054f000000, 0x0000000561200000, 0x00000006efb00000)
  object space 296960K, 83% used [0x000000054f000000,0x000000055e3199c0,0x0000000561200000)
 Metaspace       used 7493K, capacity 7678K, committed 7936K, reserved 1056768K
  class space    used 919K, capacity 989K, committed 1024K, reserved 1048576K
}
Event: 65.373 GC heap before
{Heap before GC invocations=227 (full 91):
 PSYoungGen      total 900096K, used 878144K [0x00000006efb00000, 0x0000000728200000, 0x00000007c0000000)
  eden space 878080K, 100% used [0x00000006efb00000,0x0000000725480000,0x0000000725480000)
  from space 22016K, 0% used [0x0000000725480000,0x0000000725490000,0x0000000726a00000)
  to   space 22016K, 0% used [0x0000000726c80000,0x0000000726c80000,0x0000000728200000)
 ParOldGen       total 296960K, used 248934K [0x000000054f000000, 0x0000000561200000, 0x00000006efb00000)
  object space 296960K, 83% used [0x000000054f000000,0x000000055e3199c0,0x0000000561200000)
 Metaspace       used 7493K, capacity 7678K, committed 7936K, reserved 1056768K
  class space    used 919K, capacity 989K, committed 1024K, reserved 1048576K
Event: 65.386 GC heap after
Heap after GC invocations=227 (full 91):
 PSYoungGen      total 902656K, used 10390K [0x00000006efb00000, 0x0000000728380000, 0x00000007c0000000)
  eden space 880640K, 0% used [0x00000006efb00000,0x00000006efb00000,0x0000000725700000)
  from space 22016K, 47% used [0x0000000726c80000,0x00000007276a5918,0x0000000728200000)
  to   space 22016K, 0% used [0x0000000725700000,0x0000000725700000,0x0000000726c80000)
 ParOldGen       total 296960K, used 248934K [0x000000054f000000, 0x0000000561200000, 0x00000006efb00000)
  object space 296960K, 83% used [0x000000054f000000,0x000000055e3199c0,0x0000000561200000)
 Metaspace       used 7493K, capacity 7678K, committed 7936K, reserved 1056768K
  class space    used 919K, capacity 989K, committed 1024K, reserved 1048576K
}

