# JRE version: Java(TM) SE Runtime Environment (8.0_144-b01) (build 1.8.0_144-b01)
# Java VM: Java HotSpot(TM) 64-Bit Server VM (25.144-b01 mixed mode linux-amd64 compressed oops)
Heap:
 PSYoungGen      total 750080K, used 246689K [0x000000076b000000, 0x0000000799280000, 0x00000007c0000000)
  eden space 744960K, 33% used [0x000000076b000000,0x000000077a0e84c0,0x0000000798780000)
  from space 5120K, 0% used [0x0000000798d80000,0x0000000798d80000,0x0000000799280000)
  to   space 5632K, 0% used [0x0000000798780000,0x0000000798780000,0x0000000798d00000)
 ParOldGen       total 298496K, used 173347K [0x00000006c1000000, 0x00000006d3380000, 0x000000076b000000)
  object space 298496K, 58% used [0x00000006c1000000,0x00000006cb948e78,0x00000006d3380000)
 Metaspace       used 7420K, capacity 7554K, committed 7680K, reserved 1056768K
  class space    used 915K, capacity 989K, committed 1024K, reserved 1048576K
GC Heap History (10 events):
Event: 43.256 GC heap before
{Heap before GC invocations=197 (full 89):
 PSYoungGen      total 750592K, used 1660K [0x000000076b000000, 0x0000000799380000, 0x00000007c0000000)
  eden space 744960K, 0% used [0x000000076b000000,0x000000076b000000,0x0000000798780000)
  from space 5632K, 29% used [0x0000000798e00000,0x0000000798f9f350,0x0000000799380000)
  to   space 6144K, 0% used [0x0000000798780000,0x0000000798780000,0x0000000798d80000)
 ParOldGen       total 298496K, used 170224K [0x00000006c1000000, 0x00000006d3380000, 0x000000076b000000)
  object space 298496K, 57% used [0x00000006c1000000,0x00000006cb63c3a8,0x00000006d3380000)
 Metaspace       used 7172K, capacity 7330K, committed 7424K, reserved 1056768K
  class space    used 895K, capacity 957K, committed 1024K, reserved 1048576K
Event: 43.393 GC heap after
Heap after GC invocations=197 (full 89):
 PSYoungGen      total 750592K, used 0K [0x000000076b000000, 0x0000000799380000, 0x00000007c0000000)
  eden space 744960K, 0% used [0x000000076b000000,0x000000076b000000,0x0000000798780000)
  from space 5632K, 0% used [0x0000000798e00000,0x0000000798e00000,0x0000000799380000)
  to   space 6144K, 0% used [0x0000000798780000,0x0000000798780000,0x0000000798d80000)
 ParOldGen       total 298496K, used 171289K [0x00000006c1000000, 0x00000006d3380000, 0x000000076b000000)
  object space 298496K, 57% used [0x00000006c1000000,0x00000006cb746638,0x00000006d3380000)
 Metaspace       used 7172K, capacity 7330K, committed 7424K, reserved 1056768K
  class space    used 895K, capacity 957K, committed 1024K, reserved 1048576K
}
Event: 43.536 GC heap before
{Heap before GC invocations=198 (full 89):
 PSYoungGen      total 750592K, used 145050K [0x000000076b000000, 0x0000000799380000, 0x00000007c0000000)
  eden space 744960K, 19% used [0x000000076b000000,0x0000000773da6be0,0x0000000798780000)
  from space 5632K, 0% used [0x0000000798e00000,0x0000000798e00000,0x0000000799380000)
  to   space 6144K, 0% used [0x0000000798780000,0x0000000798780000,0x0000000798d80000)
 ParOldGen       total 298496K, used 171289K [0x00000006c1000000, 0x00000006d3380000, 0x000000076b000000)
  object space 298496K, 57% used [0x00000006c1000000,0x00000006cb746638,0x00000006d3380000)
 Metaspace       used 7172K, capacity 7330K, committed 7424K, reserved 1056768K
  class space    used 895K, capacity 957K, committed 1024K, reserved 1048576K
Event: 43.538 GC heap after
Heap after GC invocations=198 (full 89):
 PSYoungGen      total 751104K, used 800K [0x000000076b000000, 0x0000000799380000, 0x00000007c0000000)
  eden space 744960K, 0% used [0x000000076b000000,0x000000076b000000,0x0000000798780000)
  from space 6144K, 13% used [0x0000000798780000,0x0000000798848000,0x0000000798d80000)
  to   space 6144K, 0% used [0x0000000798d80000,0x0000000798d80000,0x0000000799380000)
 ParOldGen       total 298496K, used 171289K [0x00000006c1000000, 0x00000006d3380000, 0x000000076b000000)
  object space 298496K, 57% used [0x00000006c1000000,0x00000006cb746638,0x00000006d3380000)
 Metaspace       used 7172K, capacity 7330K, committed 7424K, reserved 1056768K
  class space    used 895K, capacity 957K, committed 1024K, reserved 1048576K
}
Event: 43.538 GC heap before
{Heap before GC invocations=199 (full 90):
 PSYoungGen      total 751104K, used 800K [0x000000076b000000, 0x0000000799380000, 0x00000007c0000000)
  eden space 744960K, 0% used [0x000000076b000000,0x000000076b000000,0x0000000798780000)
  from space 6144K, 13% used [0x0000000798780000,0x0000000798848000,0x0000000798d80000)
  to   space 6144K, 0% used [0x0000000798d80000,0x0000000798d80000,0x0000000799380000)
 ParOldGen       total 298496K, used 171289K [0x00000006c1000000, 0x00000006d3380000, 0x000000076b000000)
  object space 298496K, 57% used [0x00000006c1000000,0x00000006cb746638,0x00000006d3380000)
 Metaspace       used 7172K, capacity 7330K, committed 7424K, reserved 1056768K
  class space    used 895K, capacity 957K, committed 1024K, reserved 1048576K
Event: 43.666 GC heap after
Heap after GC invocations=199 (full 90):
 PSYoungGen      total 751104K, used 0K [0x000000076b000000, 0x0000000799380000, 0x00000007c0000000)
  eden space 744960K, 0% used [0x000000076b000000,0x000000076b000000,0x0000000798780000)
  from space 6144K, 0% used [0x0000000798780000,0x0000000798780000,0x0000000798d80000)
  to   space 6144K, 0% used [0x0000000798d80000,0x0000000798d80000,0x0000000799380000)
 ParOldGen       total 298496K, used 171647K [0x00000006c1000000, 0x00000006d3380000, 0x000000076b000000)
  object space 298496K, 57% used [0x00000006c1000000,0x00000006cb79fd20,0x00000006d3380000)
 Metaspace       used 7172K, capacity 7330K, committed 7424K, reserved 1056768K
  class space    used 895K, capacity 957K, committed 1024K, reserved 1048576K
}
Event: 43.782 GC heap before
{Heap before GC invocations=200 (full 90):
 PSYoungGen      total 751104K, used 188565K [0x000000076b000000, 0x0000000799380000, 0x00000007c0000000)
  eden space 744960K, 25% used [0x000000076b000000,0x00000007768257d0,0x0000000798780000)
  from space 6144K, 0% used [0x0000000798780000,0x0000000798780000,0x0000000798d80000)
  to   space 6144K, 0% used [0x0000000798d80000,0x0000000798d80000,0x0000000799380000)
 ParOldGen       total 298496K, used 171647K [0x00000006c1000000, 0x00000006d3380000, 0x000000076b000000)
  object space 298496K, 57% used [0x00000006c1000000,0x00000006cb79fd20,0x00000006d3380000)
 Metaspace       used 7172K, capacity 7330K, committed 7424K, reserved 1056768K
  class space    used 895K, capacity 957K, committed 1024K, reserved 1048576K
Event: 43.784 GC heap after
Heap after GC invocations=200 (full 90):
 PSYoungGen      total 750080K, used 2035K [0x000000076b000000, 0x0000000799280000, 0x00000007c0000000)
  eden space 744960K, 0% used [0x000000076b000000,0x000000076b000000,0x0000000798780000)
  from space 5120K, 39% used [0x0000000798d80000,0x0000000798f7cfb0,0x0000000799280000)
  to   space 5632K, 0% used [0x0000000798780000,0x0000000798780000,0x0000000798d00000)
 ParOldGen       total 298496K, used 171647K [0x00000006c1000000, 0x00000006d3380000, 0x000000076b000000)
  object space 298496K, 57% used [0x00000006c1000000,0x00000006cb79fd20,0x00000006d3380000)
 Metaspace       used 7172K, capacity 7330K, committed 7424K, reserved 1056768K
  class space    used 895K, capacity 957K, committed 1024K, reserved 1048576K
}
Event: 43.784 GC heap before
{Heap before GC invocations=201 (full 91):
 PSYoungGen      total 750080K, used 2035K [0x000000076b000000, 0x0000000799280000, 0x00000007c0000000)
  eden space 744960K, 0% used [0x000000076b000000,0x000000076b000000,0x0000000798780000)
  from space 5120K, 39% used [0x0000000798d80000,0x0000000798f7cfb0,0x0000000799280000)
  to   space 5632K, 0% used [0x0000000798780000,0x0000000798780000,0x0000000798d00000)
 ParOldGen       total 298496K, used 171647K [0x00000006c1000000, 0x00000006d3380000, 0x000000076b000000)
  object space 298496K, 57% used [0x00000006c1000000,0x00000006cb79fd20,0x00000006d3380000)
 Metaspace       used 7172K, capacity 7330K, committed 7424K, reserved 1056768K
  class space    used 895K, capacity 957K, committed 1024K, reserved 1048576K
Event: 43.910 GC heap after
Heap after GC invocations=201 (full 91):
 PSYoungGen      total 750080K, used 0K [0x000000076b000000, 0x0000000799280000, 0x00000007c0000000)
  eden space 744960K, 0% used [0x000000076b000000,0x000000076b000000,0x0000000798780000)
  from space 5120K, 0% used [0x0000000798d80000,0x0000000798d80000,0x0000000799280000)
  to   space 5632K, 0% used [0x0000000798780000,0x0000000798780000,0x0000000798d00000)
 ParOldGen       total 298496K, used 173347K [0x00000006c1000000, 0x00000006d3380000, 0x000000076b000000)
  object space 298496K, 58% used [0x00000006c1000000,0x00000006cb948e78,0x00000006d3380000)
 Metaspace       used 7172K, capacity 7330K, committed 7424K, reserved 1056768K
  class space    used 895K, capacity 957K, committed 1024K, reserved 1048576K
}

