# JRE version: Java(TM) SE Runtime Environment (8.0_144-b01) (build 1.8.0_144-b01)
# Java VM: Java HotSpot(TM) 64-Bit Server VM (25.144-b01 mixed mode linux-amd64 compressed oops)
Heap:
 PSYoungGen      total 702976K, used 245148K [0x000000076b000000, 0x0000000796580000, 0x00000007c0000000)
  eden space 696832K, 35% used [0x000000076b000000,0x0000000779f670d0,0x0000000795880000)
  from space 6144K, 0% used [0x0000000795f80000,0x0000000795f80000,0x0000000796580000)
  to   space 6656K, 0% used [0x0000000795880000,0x0000000795880000,0x0000000795f00000)
 ParOldGen       total 296960K, used 173346K [0x00000006c1000000, 0x00000006d3200000, 0x000000076b000000)
  object space 296960K, 58% used [0x00000006c1000000,0x00000006cb948bd8,0x00000006d3200000)
 Metaspace       used 7423K, capacity 7554K, committed 7680K, reserved 1056768K
  class space    used 916K, capacity 989K, committed 1024K, reserved 1048576K
GC Heap History (10 events):
Event: 45.008 GC heap before
{Heap before GC invocations=201 (full 89):
 PSYoungGen      total 704000K, used 1666K [0x000000076b000000, 0x0000000796680000, 0x00000007c0000000)
  eden space 696832K, 0% used [0x000000076b000000,0x000000076b000000,0x0000000795880000)
  from space 7168K, 23% used [0x0000000795f80000,0x00000007961209a8,0x0000000796680000)
  to   space 7168K, 0% used [0x0000000795880000,0x0000000795880000,0x0000000795f80000)
 ParOldGen       total 296960K, used 170224K [0x00000006c1000000, 0x00000006d3200000, 0x000000076b000000)
  object space 296960K, 57% used [0x00000006c1000000,0x00000006cb63c108,0x00000006d3200000)
 Metaspace       used 7176K, capacity 7330K, committed 7424K, reserved 1056768K
  class space    used 896K, capacity 957K, committed 1024K, reserved 1048576K
Event: 45.131 GC heap after
Heap after GC invocations=201 (full 89):
 PSYoungGen      total 704000K, used 0K [0x000000076b000000, 0x0000000796680000, 0x00000007c0000000)
  eden space 696832K, 0% used [0x000000076b000000,0x000000076b000000,0x0000000795880000)
  from space 7168K, 0% used [0x0000000795f80000,0x0000000795f80000,0x0000000796680000)
  to   space 7168K, 0% used [0x0000000795880000,0x0000000795880000,0x0000000795f80000)
 ParOldGen       total 296960K, used 171288K [0x00000006c1000000, 0x00000006d3200000, 0x000000076b000000)
  object space 296960K, 57% used [0x00000006c1000000,0x00000006cb746398,0x00000006d3200000)
 Metaspace       used 7176K, capacity 7330K, committed 7424K, reserved 1056768K
  class space    used 896K, capacity 957K, committed 1024K, reserved 1048576K
}
Event: 45.226 GC heap before
{Heap before GC invocations=202 (full 89):
 PSYoungGen      total 704000K, used 150018K [0x000000076b000000, 0x0000000796680000, 0x00000007c0000000)
  eden space 696832K, 21% used [0x000000076b000000,0x0000000774280ad8,0x0000000795880000)
  from space 7168K, 0% used [0x0000000795f80000,0x0000000795f80000,0x0000000796680000)
  to   space 7168K, 0% used [0x0000000795880000,0x0000000795880000,0x0000000795f80000)
 ParOldGen       total 296960K, used 171288K [0x00000006c1000000, 0x00000006d3200000, 0x000000076b000000)
  object space 296960K, 57% used [0x00000006c1000000,0x00000006cb746398,0x00000006d3200000)
 Metaspace       used 7176K, capacity 7330K, committed 7424K, reserved 1056768K
  class space    used 896K, capacity 957K, committed 1024K, reserved 1048576K
Event: 45.227 GC heap after
Heap after GC invocations=202 (full 89):
 PSYoungGen      total 704000K, used 832K [0x000000076b000000, 0x0000000796680000, 0x00000007c0000000)
  eden space 696832K, 0% used [0x000000076b000000,0x000000076b000000,0x0000000795880000)
  from space 7168K, 11% used [0x0000000795880000,0x0000000795950000,0x0000000795f80000)
  to   space 7168K, 0% used [0x0000000795f80000,0x0000000795f80000,0x0000000796680000)
 ParOldGen       total 296960K, used 171288K [0x00000006c1000000, 0x00000006d3200000, 0x000000076b000000)
  object space 296960K, 57% used [0x00000006c1000000,0x00000006cb746398,0x00000006d3200000)
 Metaspace       used 7176K, capacity 7330K, committed 7424K, reserved 1056768K
  class space    used 896K, capacity 957K, committed 1024K, reserved 1048576K
}
Event: 45.227 GC heap before
{Heap before GC invocations=203 (full 90):
 PSYoungGen      total 704000K, used 832K [0x000000076b000000, 0x0000000796680000, 0x00000007c0000000)
  eden space 696832K, 0% used [0x000000076b000000,0x000000076b000000,0x0000000795880000)
  from space 7168K, 11% used [0x0000000795880000,0x0000000795950000,0x0000000795f80000)
  to   space 7168K, 0% used [0x0000000795f80000,0x0000000795f80000,0x0000000796680000)
 ParOldGen       total 296960K, used 171288K [0x00000006c1000000, 0x00000006d3200000, 0x000000076b000000)
  object space 296960K, 57% used [0x00000006c1000000,0x00000006cb746398,0x00000006d3200000)
 Metaspace       used 7176K, capacity 7330K, committed 7424K, reserved 1056768K
  class space    used 896K, capacity 957K, committed 1024K, reserved 1048576K
Event: 45.366 GC heap after
Heap after GC invocations=203 (full 90):
 PSYoungGen      total 704000K, used 0K [0x000000076b000000, 0x0000000796680000, 0x00000007c0000000)
  eden space 696832K, 0% used [0x000000076b000000,0x000000076b000000,0x0000000795880000)
  from space 7168K, 0% used [0x0000000795880000,0x0000000795880000,0x0000000795f80000)
  to   space 7168K, 0% used [0x0000000795f80000,0x0000000795f80000,0x0000000796680000)
 ParOldGen       total 296960K, used 171646K [0x00000006c1000000, 0x00000006d3200000, 0x000000076b000000)
  object space 296960K, 57% used [0x00000006c1000000,0x00000006cb79fa80,0x00000006d3200000)
 Metaspace       used 7176K, capacity 7330K, committed 7424K, reserved 1056768K
  class space    used 896K, capacity 957K, committed 1024K, reserved 1048576K
}
Event: 45.489 GC heap before
{Heap before GC invocations=204 (full 90):
 PSYoungGen      total 704000K, used 190673K [0x000000076b000000, 0x0000000796680000, 0x00000007c0000000)
  eden space 696832K, 27% used [0x000000076b000000,0x0000000776a34478,0x0000000795880000)
  from space 7168K, 0% used [0x0000000795880000,0x0000000795880000,0x0000000795f80000)
  to   space 7168K, 0% used [0x0000000795f80000,0x0000000795f80000,0x0000000796680000)
 ParOldGen       total 296960K, used 171646K [0x00000006c1000000, 0x00000006d3200000, 0x000000076b000000)
  object space 296960K, 57% used [0x00000006c1000000,0x00000006cb79fa80,0x00000006d3200000)
 Metaspace       used 7176K, capacity 7330K, committed 7424K, reserved 1056768K
  class space    used 896K, capacity 957K, committed 1024K, reserved 1048576K
Event: 45.490 GC heap after
Heap after GC invocations=204 (full 90):
 PSYoungGen      total 702976K, used 2067K [0x000000076b000000, 0x0000000796580000, 0x00000007c0000000)
  eden space 696832K, 0% used [0x000000076b000000,0x000000076b000000,0x0000000795880000)
  from space 6144K, 33% used [0x0000000795f80000,0x0000000796184fb0,0x0000000796580000)
  to   space 6656K, 0% used [0x0000000795880000,0x0000000795880000,0x0000000795f00000)
 ParOldGen       total 296960K, used 171646K [0x00000006c1000000, 0x00000006d3200000, 0x000000076b000000)
  object space 296960K, 57% used [0x00000006c1000000,0x00000006cb79fa80,0x00000006d3200000)
 Metaspace       used 7176K, capacity 7330K, committed 7424K, reserved 1056768K
  class space    used 896K, capacity 957K, committed 1024K, reserved 1048576K
}
Event: 45.490 GC heap before
{Heap before GC invocations=205 (full 91):
 PSYoungGen      total 702976K, used 2067K [0x000000076b000000, 0x0000000796580000, 0x00000007c0000000)
  eden space 696832K, 0% used [0x000000076b000000,0x000000076b000000,0x0000000795880000)
  from space 6144K, 33% used [0x0000000795f80000,0x0000000796184fb0,0x0000000796580000)
  to   space 6656K, 0% used [0x0000000795880000,0x0000000795880000,0x0000000795f00000)
 ParOldGen       total 296960K, used 171646K [0x00000006c1000000, 0x00000006d3200000, 0x000000076b000000)
  object space 296960K, 57% used [0x00000006c1000000,0x00000006cb79fa80,0x00000006d3200000)
 Metaspace       used 7176K, capacity 7330K, committed 7424K, reserved 1056768K
  class space    used 896K, capacity 957K, committed 1024K, reserved 1048576K
Event: 45.603 GC heap after
Heap after GC invocations=205 (full 91):
 PSYoungGen      total 702976K, used 0K [0x000000076b000000, 0x0000000796580000, 0x00000007c0000000)
  eden space 696832K, 0% used [0x000000076b000000,0x000000076b000000,0x0000000795880000)
  from space 6144K, 0% used [0x0000000795f80000,0x0000000795f80000,0x0000000796580000)
  to   space 6656K, 0% used [0x0000000795880000,0x0000000795880000,0x0000000795f00000)
 ParOldGen       total 296960K, used 173346K [0x00000006c1000000, 0x00000006d3200000, 0x000000076b000000)
  object space 296960K, 58% used [0x00000006c1000000,0x00000006cb948bd8,0x00000006d3200000)
 Metaspace       used 7176K, capacity 7330K, committed 7424K, reserved 1056768K
  class space    used 896K, capacity 957K, committed 1024K, reserved 1048576K
}

