# JRE version: Java(TM) SE Runtime Environment (8.0_144-b01) (build 1.8.0_144-b01)
# Java VM: Java HotSpot(TM) 64-Bit Server VM (25.144-b01 mixed mode linux-amd64 compressed oops)
Heap:
 PSYoungGen      total 965120K, used 877350K [0x00000006efb00000, 0x000000072c100000, 0x00000007c0000000)
  eden space 946176K, 92% used [0x00000006efb00000,0x00000007253b1b78,0x0000000729700000)
  from space 18944K, 0% used [0x0000000729700000,0x0000000729718000,0x000000072a980000)
  to   space 18944K, 0% used [0x000000072ae80000,0x000000072ae80000,0x000000072c100000)
 ParOldGen       total 300032K, used 247431K [0x000000054f000000, 0x0000000561500000, 0x00000006efb00000)
  object space 300032K, 82% used [0x000000054f000000,0x000000055e1a1c70,0x0000000561500000)
 Metaspace       used 7500K, capacity 7682K, committed 7936K, reserved 1056768K
  class space    used 920K, capacity 989K, committed 1024K, reserved 1048576K
GC Heap History (10 events):
Event: 58.275 GC heap before
{Heap before GC invocations=220 (full 91):
 PSYoungGen      total 952832K, used 933540K [0x00000006efb00000, 0x000000072b280000, 0x00000007c0000000)
  eden space 934400K, 99% used [0x00000006efb00000,0x0000000728a91378,0x0000000728b80000)
  from space 18432K, 0% used [0x000000072a080000,0x000000072a098000,0x000000072b280000)
  to   space 19968K, 0% used [0x0000000728b80000,0x0000000728b80000,0x0000000729f00000)
 ParOldGen       total 300032K, used 247407K [0x000000054f000000, 0x0000000561500000, 0x00000006efb00000)
  object space 300032K, 82% used [0x000000054f000000,0x000000055e19bc70,0x0000000561500000)
 Metaspace       used 7497K, capacity 7682K, committed 7936K, reserved 1056768K
  class space    used 919K, capacity 989K, committed 1024K, reserved 1048576K
Event: 58.276 GC heap after
Heap after GC invocations=220 (full 91):
 PSYoungGen      total 954368K, used 32K [0x00000006efb00000, 0x000000072ba00000, 0x00000007c0000000)
  eden space 934400K, 0% used [0x00000006efb00000,0x00000006efb00000,0x0000000728b80000)
  from space 19968K, 0% used [0x0000000728b80000,0x0000000728b88000,0x0000000729f00000)
  to   space 19968K, 0% used [0x000000072a680000,0x000000072a680000,0x000000072ba00000)
 ParOldGen       total 300032K, used 247407K [0x000000054f000000, 0x0000000561500000, 0x00000006efb00000)
  object space 300032K, 82% used [0x000000054f000000,0x000000055e19bc70,0x0000000561500000)
 Metaspace       used 7497K, capacity 7682K, committed 7936K, reserved 1056768K
  class space    used 919K, capacity 989K, committed 1024K, reserved 1048576K
}
Event: 59.337 GC heap before
{Heap before GC invocations=221 (full 91):
 PSYoungGen      total 954368K, used 934432K [0x00000006efb00000, 0x000000072ba00000, 0x00000007c0000000)
  eden space 934400K, 100% used [0x00000006efb00000,0x0000000728b80000,0x0000000728b80000)
  from space 19968K, 0% used [0x0000000728b80000,0x0000000728b88000,0x0000000729f00000)
  to   space 19968K, 0% used [0x000000072a680000,0x000000072a680000,0x000000072ba00000)
 ParOldGen       total 300032K, used 247407K [0x000000054f000000, 0x0000000561500000, 0x00000006efb00000)
  object space 300032K, 82% used [0x000000054f000000,0x000000055e19bc70,0x0000000561500000)
 Metaspace       used 7497K, capacity 7682K, committed 7936K, reserved 1056768K
  class space    used 919K, capacity 989K, committed 1024K, reserved 1048576K
Event: 59.338 GC heap after
Heap after GC invocations=221 (full 91):
 PSYoungGen      total 958976K, used 64K [0x00000006efb00000, 0x000000072b880000, 0x00000007c0000000)
  eden space 940544K, 0% used [0x00000006efb00000,0x00000006efb00000,0x0000000729180000)
  from space 18432K, 0% used [0x000000072a680000,0x000000072a690000,0x000000072b880000)
  to   space 19968K, 0% used [0x0000000729180000,0x0000000729180000,0x000000072a500000)
 ParOldGen       total 300032K, used 247423K [0x000000054f000000, 0x0000000561500000, 0x00000006efb00000)
  object space 300032K, 82% used [0x000000054f000000,0x000000055e19fc70,0x0000000561500000)
 Metaspace       used 7497K, capacity 7682K, committed 7936K, reserved 1056768K
  class space    used 919K, capacity 989K, committed 1024K, reserved 1048576K
}
Event: 60.364 GC heap before
{Heap before GC invocations=222 (full 91):
 PSYoungGen      total 958976K, used 940608K [0x00000006efb00000, 0x000000072b880000, 0x00000007c0000000)
  eden space 940544K, 100% used [0x00000006efb00000,0x0000000729180000,0x0000000729180000)
  from space 18432K, 0% used [0x000000072a680000,0x000000072a690000,0x000000072b880000)
  to   space 19968K, 0% used [0x0000000729180000,0x0000000729180000,0x000000072a500000)
 ParOldGen       total 300032K, used 247423K [0x000000054f000000, 0x0000000561500000, 0x00000006efb00000)
  object space 300032K, 82% used [0x000000054f000000,0x000000055e19fc70,0x0000000561500000)
 Metaspace       used 7497K, capacity 7682K, committed 7936K, reserved 1056768K
  class space    used 919K, capacity 989K, committed 1024K, reserved 1048576K
Event: 60.365 GC heap after
Heap after GC invocations=222 (full 91):
 PSYoungGen      total 960512K, used 96K [0x00000006efb00000, 0x000000072bd00000, 0x00000007c0000000)
  eden space 940544K, 0% used [0x00000006efb00000,0x00000006efb00000,0x0000000729180000)
  from space 19968K, 0% used [0x0000000729180000,0x0000000729198000,0x000000072a500000)
  to   space 19968K, 0% used [0x000000072a980000,0x000000072a980000,0x000000072bd00000)
 ParOldGen       total 300032K, used 247423K [0x000000054f000000, 0x0000000561500000, 0x00000006efb00000)
  object space 300032K, 82% used [0x000000054f000000,0x000000055e19fc70,0x0000000561500000)
 Metaspace       used 7497K, capacity 7682K, committed 7936K, reserved 1056768K
  class space    used 919K, capacity 989K, committed 1024K, reserved 1048576K
}
Event: 61.437 GC heap before
{Heap before GC invocations=223 (full 91):
 PSYoungGen      total 960512K, used 940640K [0x00000006efb00000, 0x000000072bd00000, 0x00000007c0000000)
  eden space 940544K, 100% used [0x00000006efb00000,0x0000000729180000,0x0000000729180000)
  from space 19968K, 0% used [0x0000000729180000,0x0000000729198000,0x000000072a500000)
  to   space 19968K, 0% used [0x000000072a980000,0x000000072a980000,0x000000072bd00000)
 ParOldGen       total 300032K, used 247423K [0x000000054f000000, 0x0000000561500000, 0x00000006efb00000)
  object space 300032K, 82% used [0x000000054f000000,0x000000055e19fc70,0x0000000561500000)
 Metaspace       used 7497K, capacity 7682K, committed 7936K, reserved 1056768K
  class space    used 919K, capacity 989K, committed 1024K, reserved 1048576K
Event: 61.447 GC heap after
Heap after GC invocations=223 (full 91):
 PSYoungGen      total 965632K, used 7542K [0x00000006efb00000, 0x000000072bc80000, 0x00000007c0000000)
  eden space 946176K, 0% used [0x00000006efb00000,0x00000006efb00000,0x0000000729700000)
  from space 19456K, 38% used [0x000000072a980000,0x000000072b0dda70,0x000000072bc80000)
  to   space 18944K, 0% used [0x0000000729700000,0x0000000729700000,0x000000072a980000)
 ParOldGen       total 300032K, used 247423K [0x000000054f000000, 0x0000000561500000, 0x00000006efb00000)
  object space 300032K, 82% used [0x000000054f000000,0x000000055e19fc70,0x0000000561500000)
 Metaspace       used 7497K, capacity 7682K, committed 7936K, reserved 1056768K
  class space    used 919K, capacity 989K, committed 1024K, reserved 1048576K
}
Event: 62.516 GC heap before
{Heap before GC invocations=224 (full 91):
 PSYoungGen      total 965632K, used 953091K [0x00000006efb00000, 0x000000072bc80000, 0x00000007c0000000)
  eden space 946176K, 99% used [0x00000006efb00000,0x0000000729663498,0x0000000729700000)
  from space 19456K, 38% used [0x000000072a980000,0x000000072b0dda70,0x000000072bc80000)
  to   space 18944K, 0% used [0x0000000729700000,0x0000000729700000,0x000000072a980000)
 ParOldGen       total 300032K, used 247423K [0x000000054f000000, 0x0000000561500000, 0x00000006efb00000)
  object space 300032K, 82% used [0x000000054f000000,0x000000055e19fc70,0x0000000561500000)
 Metaspace       used 7497K, capacity 7682K, committed 7936K, reserved 1056768K
  class space    used 919K, capacity 989K, committed 1024K, reserved 1048576K
Event: 62.517 GC heap after
Heap after GC invocations=224 (full 91):
 PSYoungGen      total 965120K, used 96K [0x00000006efb00000, 0x000000072c100000, 0x00000007c0000000)
  eden space 946176K, 0% used [0x00000006efb00000,0x00000006efb00000,0x0000000729700000)
  from space 18944K, 0% used [0x0000000729700000,0x0000000729718000,0x000000072a980000)
  to   space 18944K, 0% used [0x000000072ae80000,0x000000072ae80000,0x000000072c100000)
 ParOldGen       total 300032K, used 247431K [0x000000054f000000, 0x0000000561500000, 0x00000006efb00000)
  object space 300032K, 82% used [0x000000054f000000,0x000000055e1a1c70,0x0000000561500000)
 Metaspace       used 7497K, capacity 7682K, committed 7936K, reserved 1056768K
  class space    used 919K, capacity 989K, committed 1024K, reserved 1048576K
}

